<?xml version="1.0" encoding="UTF-8"?>
<testng-results skipped="0" failed="0" ignored="0" total="2" passed="2">
  <reporter-output>
    <line>
      <![CDATA[STEP1]]>
    </line>
    <line>
      <![CDATA[STEP2]]>
    </line>
    <line>
      <![CDATA[STEP3]]>
    </line>
    <line>
      <![CDATA[STEP4]]>
    </line>
    <line>
      <![CDATA[STEP5]]>
    </line>
    <line>
      <![CDATA[STEP6]]>
    </line>
    <line>
      <![CDATA[STEP7]]>
    </line>
    <line>
      <![CDATA[STEP8]]>
    </line>
    <line>
      <![CDATA[STEP9]]>
    </line>
    <line>
      <![CDATA[STEP10]]>
    </line>
    <line>
      <![CDATA[STEP11]]>
    </line>
    <line>
      <![CDATA[STEP12]]>
    </line>
    <line>
      <![CDATA[STEP13]]>
    </line>
    <line>
      <![CDATA[STEP14]]>
    </line>
    <line>
      <![CDATA[STEP15]]>
    </line>
    <line>
      <![CDATA[STEP16]]>
    </line>
  </reporter-output>
  <suite name="Default suite" duration-ms="145741" started-at="2019-09-13T09:38:16 IST" finished-at="2019-09-13T09:40:42 IST">
    <groups>
    </groups>
    <test name="Default test" duration-ms="145741" started-at="2019-09-13T09:38:16 IST" finished-at="2019-09-13T09:40:42 IST">
      <class name="com.pom.testcases.SearchFlight">
        <test-method status="PASS" signature="beforSuite()[pri:0, instance:com.pom.testcases.SearchFlight@140e5a13]" name="beforSuite" is-config="true" duration-ms="933" started-at="2019-09-13T09:38:15 IST" finished-at="2019-09-13T09:38:16 IST">
          <reporter-output>
          </reporter-output>
        </test-method> <!-- beforSuite -->
        <test-method status="PASS" signature="setSheetName()[pri:0, instance:com.pom.testcases.SearchFlight@140e5a13]" name="setSheetName" is-config="true" duration-ms="5" started-at="2019-09-13T09:38:16 IST" depends-on-methods="com.pom.wrappers.ProjectWrappers.beforSuite" finished-at="2019-09-13T09:38:16 IST">
          <reporter-output>
          </reporter-output>
        </test-method> <!-- setSheetName -->
        <test-method status="PASS" signature="beforeTest()[pri:0, instance:com.pom.testcases.SearchFlight@140e5a13]" name="beforeTest" is-config="true" duration-ms="6" started-at="2019-09-13T09:38:16 IST" finished-at="2019-09-13T09:38:16 IST">
          <reporter-output>
          </reporter-output>
        </test-method> <!-- beforeTest -->
        <test-method status="PASS" signature="getAllObjects()[pri:0, instance:com.pom.testcases.SearchFlight@140e5a13]" name="getAllObjects" is-config="true" duration-ms="818" started-at="2019-09-13T09:38:16 IST" finished-at="2019-09-13T09:38:17 IST">
          <reporter-output>
          </reporter-output>
        </test-method> <!-- getAllObjects -->
        <test-method status="PASS" signature="getGridConfig()[pri:0, instance:com.pom.testcases.SearchFlight@140e5a13]" name="getGridConfig" is-config="true" duration-ms="75" started-at="2019-09-13T09:38:17 IST" finished-at="2019-09-13T09:38:17 IST">
          <reporter-output>
          </reporter-output>
        </test-method> <!-- getGridConfig -->
        <test-method status="PASS" signature="getMobileConfig()[pri:0, instance:com.pom.testcases.SearchFlight@140e5a13]" name="getMobileConfig" is-config="true" duration-ms="75" started-at="2019-09-13T09:38:17 IST" finished-at="2019-09-13T09:38:17 IST">
          <reporter-output>
          </reporter-output>
        </test-method> <!-- getMobileConfig -->
        <test-method status="PASS" signature="setTestData()[pri:0, instance:com.pom.testcases.SearchFlight@140e5a13]" name="setTestData" is-config="true" duration-ms="80" started-at="2019-09-13T09:38:17 IST" finished-at="2019-09-13T09:38:17 IST">
          <reporter-output>
          </reporter-output>
        </test-method> <!-- setTestData -->
        <test-method status="PASS" signature="setData()[pri:0, instance:com.pom.testcases.SearchFlight@140e5a13]" name="setData" is-config="true" duration-ms="2" started-at="2019-09-13T09:38:17 IST" finished-at="2019-09-13T09:38:17 IST">
          <reporter-output>
          </reporter-output>
        </test-method> <!-- setData -->
        <test-method status="PASS" signature="beforeMethod()[pri:0, instance:com.pom.testcases.SearchFlight@140e5a13]" name="beforeMethod" is-config="true" duration-ms="15944" started-at="2019-09-13T09:38:17 IST" finished-at="2019-09-13T09:38:33 IST">
          <reporter-output>
          </reporter-output>
        </test-method> <!-- beforeMethod -->
        <test-method status="PASS" signature="searchOneWay(java.lang.String, java.lang.String)[pri:0, instance:com.pom.testcases.SearchFlight@140e5a13]" name="searchOneWay" duration-ms="48623" started-at="2019-09-13T09:38:33 IST" data-provider="fetchData" finished-at="2019-09-13T09:39:22 IST">
          <params>
            <param index="0">
              <value>
                <![CDATA[Chennai]]>
              </value>
            </param>
            <param index="1">
              <value>
                <![CDATA[Dubai]]>
              </value>
            </param>
          </params>
          <reporter-output>
            <line>
              <![CDATA[STEP1]]>
            </line>
            <line>
              <![CDATA[STEP2]]>
            </line>
            <line>
              <![CDATA[STEP3]]>
            </line>
            <line>
              <![CDATA[STEP4]]>
            </line>
            <line>
              <![CDATA[STEP5]]>
            </line>
            <line>
              <![CDATA[STEP6]]>
            </line>
            <line>
              <![CDATA[STEP7]]>
            </line>
          </reporter-output>
        </test-method> <!-- searchOneWay -->
        <test-method status="PASS" signature="afterMethod()[pri:0, instance:com.pom.testcases.SearchFlight@140e5a13]" name="afterMethod" is-config="true" duration-ms="1380" started-at="2019-09-13T09:39:22 IST" finished-at="2019-09-13T09:39:23 IST">
          <reporter-output>
          </reporter-output>
        </test-method> <!-- afterMethod -->
        <test-method status="PASS" signature="beforeMethod()[pri:0, instance:com.pom.testcases.SearchFlight@140e5a13]" name="beforeMethod" is-config="true" duration-ms="15826" started-at="2019-09-13T09:39:24 IST" finished-at="2019-09-13T09:39:39 IST">
          <reporter-output>
          </reporter-output>
        </test-method> <!-- beforeMethod -->
        <test-method status="PASS" signature="searchWithReturn(java.lang.String, java.lang.String)[pri:0, instance:com.pom.testcases.SearchFlight@140e5a13]" name="searchWithReturn" duration-ms="61037" started-at="2019-09-13T09:39:39 IST" data-provider="fetchData" finished-at="2019-09-13T09:40:40 IST">
          <params>
            <param index="0">
              <value>
                <![CDATA[Chennai]]>
              </value>
            </param>
            <param index="1">
              <value>
                <![CDATA[Dubai]]>
              </value>
            </param>
          </params>
          <reporter-output>
            <line>
              <![CDATA[STEP8]]>
            </line>
            <line>
              <![CDATA[STEP9]]>
            </line>
            <line>
              <![CDATA[STEP10]]>
            </line>
            <line>
              <![CDATA[STEP11]]>
            </line>
            <line>
              <![CDATA[STEP12]]>
            </line>
            <line>
              <![CDATA[STEP13]]>
            </line>
            <line>
              <![CDATA[STEP14]]>
            </line>
            <line>
              <![CDATA[STEP15]]>
            </line>
            <line>
              <![CDATA[STEP16]]>
            </line>
          </reporter-output>
        </test-method> <!-- searchWithReturn -->
        <test-method status="PASS" signature="afterMethod()[pri:0, instance:com.pom.testcases.SearchFlight@140e5a13]" name="afterMethod" is-config="true" duration-ms="1432" started-at="2019-09-13T09:40:40 IST" finished-at="2019-09-13T09:40:42 IST">
          <reporter-output>
          </reporter-output>
        </test-method> <!-- afterMethod -->
        <test-method status="PASS" signature="afterTest()[pri:0, instance:com.pom.testcases.SearchFlight@140e5a13]" name="afterTest" is-config="true" duration-ms="4" started-at="2019-09-13T09:40:42 IST" finished-at="2019-09-13T09:40:42 IST">
          <reporter-output>
          </reporter-output>
        </test-method> <!-- afterTest -->
        <test-method status="PASS" signature="afterSuite()[pri:0, instance:com.pom.testcases.SearchFlight@140e5a13]" name="afterSuite" is-config="true" duration-ms="1745" started-at="2019-09-13T09:40:42 IST" finished-at="2019-09-13T09:40:44 IST">
          <reporter-output>
          </reporter-output>
        </test-method> <!-- afterSuite -->
      </class> <!-- com.pom.testcases.SearchFlight -->
    </test> <!-- Default test -->
  </suite> <!-- Default suite -->
</testng-results>
